<?xml version="1.0" encoding="UTF-8"?>
<!-- Generated by org.testng.reporters.JUnitReportReporter -->
<testsuite hostname="LTIN333296" failures="0" tests="1" name="testCases.TC_002_LoginTest" time="1.396" errors="0" timestamp="2024-12-18T19:52:50 IST" skipped="0">
  <testcase classname="testCases.TC_002_LoginTest" name="verify_login" time="1.396"/>
</testsuite> <!-- testCases.TC_002_LoginTest -->
