<?xml version="1.0" encoding="UTF-8"?>
<!-- Generated by org.testng.reporters.JUnitReportReporter -->
<testsuite hostname="LTIN333296" failures="0" tests="6" name="testCases.TC_003_LoginDDT" time="19.005" errors="0" timestamp="2024-12-17T19:54:32 IST" skipped="0">
  <testcase classname="testCases.TC_003_LoginDDT" name="verify_loginDDT" time="1.788"/>
  <testcase classname="testCases.TC_003_LoginDDT" name="verify_loginDDT" time="6.282"/>
  <testcase classname="testCases.TC_003_LoginDDT" name="verify_loginDDT" time="1.669"/>
  <testcase classname="testCases.TC_003_LoginDDT" name="verify_loginDDT" time="1.440"/>
  <testcase classname="testCases.TC_003_LoginDDT" name="verify_loginDDT" time="1.774"/>
  <testcase classname="testCases.TC_003_LoginDDT" name="verify_loginDDT" time="6.052"/>
</testsuite> <!-- testCases.TC_003_LoginDDT -->
